<?xml version="1.0" encoding="UTF-8"?>
<!-- Generated by org.testng.reporters.JUnitXMLReporter -->
<testsuite hostname="P4A-508SCN9" name="Test" tests="2" failures="1" timestamp="26 Jul 2018 04:13:53 GMT" time="1.076" errors="0">
  <testcase name="LoginInvalid" time="0.08" classname="tests.LoginTest">
    <failure type="java.lang.AssertionError" message="expected [Tested123] but found [Tested]">
      <![CDATA[java.lang.AssertionError: expected [Tested123] but found [Tested]
	at tests.LoginTest.LoginInvalid(LoginTest.java:21)
... Removed 29 stack frames]]>
    </failure>
  </testcase> <!-- LoginInvalid -->
  <testcase name="LoginValid" time="0.007" classname="tests.LoginTest"/>
</testsuite> <!-- Test -->
