<?xml version="1.0" encoding="UTF-8"?>
<testng-results skipped="0" failed="0" total="1" passed="1">
  <reporter-output>
  </reporter-output>
  <suite name="Default suite" duration-ms="24368" started-at="2018-07-23T07:27:07Z" finished-at="2018-07-23T07:27:31Z">
    <groups>
    </groups>
    <test name="Default test" duration-ms="24368" started-at="2018-07-23T07:27:07Z" finished-at="2018-07-23T07:27:31Z">
      <class name="com.Accenture.Test.Demo01_Actions">
        <test-method status="PASS" signature="beforeTest()[pri:0, instance:com.Accenture.Test.Demo01_Actions@4678c730]" name="beforeTest" is-config="true" duration-ms="13488" started-at="2018-07-23T12:57:07Z" finished-at="2018-07-23T12:57:20Z">
          <reporter-output>
          </reporter-output>
        </test-method> <!-- beforeTest -->
        <test-method status="PASS" signature="f()[pri:0, instance:com.Accenture.Test.Demo01_Actions@4678c730]" name="f" duration-ms="10840" started-at="2018-07-23T12:57:20Z" finished-at="2018-07-23T12:57:31Z">
          <reporter-output>
          </reporter-output>
        </test-method> <!-- f -->
      </class> <!-- com.Accenture.Test.Demo01_Actions -->
    </test> <!-- Default test -->
  </suite> <!-- Default suite -->
</testng-results>
