<?xml version="1.0" encoding="UTF-8"?>
<testsuite name="TestSuite" time="15.981" tests="4" errors="0" skipped="0" failures="1">
  <properties>
[...]
</properties>
  <testcase name="LoginInvalid" classname="tests.LoginTest" time="0.02">
    <failure message="expected [Tested123] but found [Tested]" type="java.lang.AssertionError">java.lang.AssertionError: expected [Tested123] but found [Tested]
	at org.testng.Assert.fail(Assert.java:94)
	at org.testng.Assert.failNotEquals(Assert.java:494)
	at org.testng.Assert.assertEquals(Assert.java:123)
	at org.testng.Assert.assertEquals(Assert.java:176)
	at org.testng.Assert.assertEquals(Assert.java:186)
	at tests.LoginTest.LoginInvalid(LoginTest.java:21)
</failure>
    <system-out><![CDATA[Configuring TestNG with: TestNG652Configurator
]]></system-out>
    <system-err><![CDATA[Starting ChromeDriver 2.38.552522 (437e6fbedfa8762dec75e2c5b3ddb86763dc9dcb) on port 24441
Only local connections are allowed.
Jul 25, 2018 12:50:25 PM org.openqa.selenium.remote.ProtocolHandshake createSession
INFO: Detected dialect: OSS
]]></system-err>
  </testcase>
  <testcase name="LoginValid" classname="tests.LoginTest" time="0"/>
  <testcase name="TestRegistration" classname="tests.RegistrationTest" time="7.733"/>
  <testcase name="testApp on testApp(MyFramework.MyFramework1.AppTest)" classname="MyFramework.MyFramework1.AppTest" time="8.228"/>
</testsuite>